<?xml version="1.0" encoding="UTF-8" ?>
<testsuites disabled="0" errors="0" failures="1" tests="1" time="10.332">
 <testsuite name="Temprature Verfication Using web and api" timestamp="2020-09-20T16:09:55" hostname="localhost" time="10.332" errors="0" tests="1" skipped="0" disabled="0" failures="1">
  <testcase classname="Temprature Verfication Using web and api" name="Verify the temprature using api and web" time="4.673">
   <failure type="exception" message="Failed: Element is not present on page limit was 3000 milisecond
Wait timed out after 3042ms"><![CDATA[TimeoutError: Element is not present on page limit was 3000 milisecond
Wait timed out after 3042ms
    at E:\NodeJsTestingProjects\TestVagrantFramework\node_modules\selenium-webdriver\lib\promise.js:2201:17
    at processTicksAndRejections (internal/process/task_queues.js:93:5)
From asynchronous test: 
Error
    at Suite.<anonymous> (E:\NodeJsTestingProjects\TestVagrantFramework\e2e_tests\Tests\NDTVWeatherTest.js:17:5)
    at addSpecsToSuite (E:\NodeJsTestingProjects\TestVagrantFramework\node_modules\protractor\node_modules\jasmine-core\lib\jasmine-core\jasmine.js:1107:25)
    at Env.describe (E:\NodeJsTestingProjects\TestVagrantFramework\node_modules\protractor\node_modules\jasmine-core\lib\jasmine-core\jasmine.js:1074:7)
    at describe (E:\NodeJsTestingProjects\TestVagrantFramework\node_modules\protractor\node_modules\jasmine-core\lib\jasmine-core\jasmine.js:4399:18)
    at Object.<anonymous> (E:\NodeJsTestingProjects\TestVagrantFramework\e2e_tests\Tests\NDTVWeatherTest.js:12:1)
    at Module._compile (internal/modules/cjs/loader.js:956:30)
    at Object.Module._extensions..js (internal/modules/cjs/loader.js:973:10)
    at Module.load (internal/modules/cjs/loader.js:812:32)
    at Function.Module._load (internal/modules/cjs/loader.js:724:14)]]>
   </failure>
  </testcase>
 </testsuite>
</testsuites>