<?xml version="1.0" encoding="UTF-8" ?>
<testsuites disabled="0" errors="0" failures="0" tests="2" time="13.491">
 <testsuite name="Guru99Bank LoginPage TestCases WorkFlow " timestamp="2020-09-20T13:01:59" hostname="localhost" time="13.491" errors="0" tests="2" skipped="0" disabled="0" failures="0">
  <testcase classname="Guru99Bank LoginPage TestCases WorkFlow " name="Login to Guru99Bank application" time="1.85" />
  <testcase classname="Guru99Bank LoginPage TestCases WorkFlow " name="As a user I can get User using query string" time="2.214" />
 </testsuite>
</testsuites>