<?xml version="1.0" encoding="UTF-8" ?>
<testsuites disabled="0" errors="0" failures="0" tests="1" time="11.648">
 <testsuite name="Temprature Verfication Using web and api" timestamp="2020-09-20T15:32:17" hostname="localhost" time="11.648" errors="0" tests="1" skipped="0" disabled="0" failures="0">
  <testcase classname="Temprature Verfication Using web and api" name="Verify the temprature using api and web" time="4.35" />
 </testsuite>
</testsuites>