<?xml version="1.0" encoding="UTF-8" ?>
<testsuites disabled="0" errors="0" failures="1" tests="2" time="7.444">
 <testsuite name="Guru99Bank LoginPage TestCases WorkFlow " timestamp="2020-09-20T15:20:19" hostname="localhost" time="7.444" errors="0" tests="2" skipped="0" disabled="0" failures="1">
  <testcase classname="Guru99Bank LoginPage TestCases WorkFlow " name="Login to Guru99Bank application" time="1.078" />
  <testcase classname="Guru99Bank LoginPage TestCases WorkFlow " name="As a user I can get User using query string" time="0.097">
   <failure type="toBe" message="Expected false to be true."><![CDATA[Error: Failed expectation
    at UserContext.<anonymous> (E:\NodeJsTestingProjects\GayltixExcercise\e2e_tests\Tests\NDTVWeatherTest.js:22:60)
    at processTicksAndRejections (internal/process/task_queues.js:93:5)]]>
   </failure>
  </testcase>
 </testsuite>
</testsuites>