<?xml version="1.0" encoding="UTF-8" ?>
<testsuites disabled="0" errors="0" failures="0" tests="2" time="6.951">
 <testsuite name="Guru99Bank LoginPage TestCases WorkFlow " timestamp="2020-09-20T15:14:35" hostname="localhost" time="6.951" errors="0" tests="2" skipped="0" disabled="0" failures="0">
  <testcase classname="Guru99Bank LoginPage TestCases WorkFlow " name="Login to Guru99Bank application" time="1.22" />
  <testcase classname="Guru99Bank LoginPage TestCases WorkFlow " name="As a user I can get User using query string" time="0.049" />
 </testsuite>
</testsuites>