<?xml version="1.0" encoding="UTF-8" ?>
<testsuites disabled="0" errors="0" failures="1" tests="1" time="29.514">
 <testsuite name="Guru99Bank LoginPage TestCases WorkFlow " timestamp="2020-09-20T12:20:17" hostname="localhost" time="29.514" errors="0" tests="1" skipped="0" disabled="0" failures="1">
  <testcase classname="Guru99Bank LoginPage TestCases WorkFlow " name="Login to Guru99Bank application" time="21.037">
   <failure type="exception" message="Failed: No element found using locator: By(xpath, //div[text()=Aligarh]//preceding-sibling::div/span[@class=&apos;tempRedText&apos;])"><![CDATA[NoSuchElementError: No element found using locator: By(xpath, //div[text()=Aligarh]//preceding-sibling::div/span[@class='tempRedText'])
    at E:\NodeJsTestingProjects\GayltixExcercise\node_modules\protractor\built\element.js:814:27
    at processTicksAndRejections (internal/process/task_queues.js:93:5)Error
    at ElementArrayFinder.applyAction_ (E:\NodeJsTestingProjects\GayltixExcercise\node_modules\protractor\built\element.js:459:27)
    at ElementArrayFinder.<computed> [as getText] (E:\NodeJsTestingProjects\GayltixExcercise\node_modules\protractor\built\element.js:91:29)
    at ElementFinder.<computed> [as getText] (E:\NodeJsTestingProjects\GayltixExcercise\node_modules\protractor\built\element.js:831:22)
    at WeatherPage.getTemprature (E:\NodeJsTestingProjects\GayltixExcercise\e2e_tests\Pages\Actions\NDTVWeatherPage.js:17:147)
    at WeatherPage.getWeather (E:\NodeJsTestingProjects\GayltixExcercise\e2e_tests\Pages\Actions\NDTVWeatherPage.js:36:20)
    at UserContext.<anonymous> (E:\NodeJsTestingProjects\GayltixExcercise\e2e_tests\Tests\NDTVWeatherTest.js:14:21)
From asynchronous test: 
Error
    at Suite.<anonymous> (E:\NodeJsTestingProjects\GayltixExcercise\e2e_tests\Tests\NDTVWeatherTest.js:13:5)
    at addSpecsToSuite (E:\NodeJsTestingProjects\GayltixExcercise\node_modules\protractor\node_modules\jasmine-core\lib\jasmine-core\jasmine.js:1107:25)
    at Env.describe (E:\NodeJsTestingProjects\GayltixExcercise\node_modules\protractor\node_modules\jasmine-core\lib\jasmine-core\jasmine.js:1074:7)
    at describe (E:\NodeJsTestingProjects\GayltixExcercise\node_modules\protractor\node_modules\jasmine-core\lib\jasmine-core\jasmine.js:4399:18)
    at Object.<anonymous> (E:\NodeJsTestingProjects\GayltixExcercise\e2e_tests\Tests\NDTVWeatherTest.js:8:1)
    at Module._compile (internal/modules/cjs/loader.js:956:30)
    at Object.Module._extensions..js (internal/modules/cjs/loader.js:973:10)
    at Module.load (internal/modules/cjs/loader.js:812:32)
    at Function.Module._load (internal/modules/cjs/loader.js:724:14)
    at Module.require (internal/modules/cjs/loader.js:849:19)
    at require (internal/modules/cjs/helpers.js:74:18)
    at E:\NodeJsTestingProjects\GayltixExcercise\node_modules\protractor\node_modules\jasmine\lib\jasmine.js:93:5
    at Array.forEach (<anonymous>)
    at Jasmine.loadSpecs (E:\NodeJsTestingProjects\GayltixExcercise\node_modules\protractor\node_modules\jasmine\lib\jasmine.js:92:18)
    at Jasmine.execute (E:\NodeJsTestingProjects\GayltixExcercise\node_modules\protractor\node_modules\jasmine\lib\jasmine.js:197:8)]]>
   </failure>
  </testcase>
 </testsuite>
</testsuites>